<?xml version="1.0" encoding="UTF-8"?>
<testsuite name="se.sdaproject.LinkedListTests" tests="1" skipped="0" failures="0" errors="0" timestamp="2021-03-09T07:53:35" hostname="SDA-Lund-64-mbpro" time="0.032">
  <properties/>
  <testcase name="searchNumderInList()" classname="se.sdaproject.LinkedListTests" time="0.032"/>
  <system-out><![CDATA[]]></system-out>
  <system-err><![CDATA[]]></system-err>
</testsuite>
